<?xml version="1.0" encoding="UTF-8" ?>
<testsuite tests="14" failures="4" name="TestSuite" time="304.827" errors="0" skipped="0">
  <properties>
[...]
</properties>
  <testcase classname="testrunner.TestRunner" name="runScenario" time="79.901"/>
  <testcase classname="testrunner.TestRunner" name="runScenario" time="11.686"/>
  <testcase classname="testrunner.TestRunner" name="runScenario" time="8.629"/>
  <testcase classname="testrunner.TestRunner" name="runScenario" time="6.43">
    <failure message="expected [true] but found [false]" type="java.lang.AssertionError">java.lang.AssertionError: expected [true] but found [false]
	at org.testng.Assert.fail(Assert.java:99)
	at org.testng.Assert.failNotEquals(Assert.java:1037)
	at org.testng.Assert.assertTrue(Assert.java:45)
	at org.testng.Assert.assertTrue(Assert.java:55)
	at stepdefinition.LoginStepDefinition.page_tiltle_should_be(LoginStepDefinition.java:81)
	at ✽.Page Tiltle should be &quot;Medicare - Home&quot;(file:///D:/All%20eclipsewprk%20space/Capstone_Project/CapstroneProject/src/test/java/feature/Login.feature:22)
</failure>
    <system-out>
Scenario Outline: Successful Login with InValid Credentials               # src/test/java/feature/Login.feature:29
  Given User is on Home Page                                              # stepdefinition.LoginStepDefinition.user_is_on_home_page()
  When User Navigate to LogIn Page &quot;http://localhost:8088/medicare/login&quot; # stepdefinition.LoginStepDefinition.user_navigate_to_log_in_page(java.lang.String)
  And User enters Email as &quot;kn@gmail1.com&quot; and Password as &quot;12345&quot;        # stepdefinition.LoginStepDefinition.user_enters_email_as_and_password_as(java.lang.String,java.lang.String)
  And Click on Login                                                      # stepdefinition.LoginStepDefinition.click_on_login()
  Then Page Tiltle should be &quot;Medicare - Home&quot;                            # stepdefinition.LoginStepDefinition.page_tiltle_should_be(java.lang.String)
      java.lang.AssertionError: expected [true] but found [false]
	at org.testng.Assert.fail(Assert.java:99)
	at org.testng.Assert.failNotEquals(Assert.java:1037)
	at org.testng.Assert.assertTrue(Assert.java:45)
	at org.testng.Assert.assertTrue(Assert.java:55)
	at stepdefinition.LoginStepDefinition.page_tiltle_should_be(LoginStepDefinition.java:81)
	at âœ½.Page Tiltle should be &quot;Medicare - Home&quot;(file:///D:/All%20eclipsewprk%20space/Capstone_Project/CapstroneProject/src/test/java/feature/Login.feature:22)

  When User Click on Logout link                                          # stepdefinition.LoginStepDefinition.user_click_on_logout_link()
  Then Page Tiltle should be &quot;Medicare - Login&quot;                           # stepdefinition.LoginStepDefinition.page_tiltle_should_be(java.lang.String)
  And Close the Browser                                                   # stepdefinition.LoginStepDefinition.close_the_browser()
</system-out>
    <system-err>Starting ChromeDriver 114.0.5735.90 (386bc09e8f4f2e025eddae123f36f6263096ae49-refs/branch-heads/5735@{#1052}) on port 45582
Only local connections are allowed.
Please see https://chromedriver.chromium.org/security-considerations for suggestions on keeping ChromeDriver safe.
ChromeDriver was started successfully.
Jun 13, 2023 9:43:33 PM org.openqa.selenium.remote.ProtocolHandshake createSession
INFO: Detected dialect: W3C
</system-err>
  </testcase>
  <testcase classname="testrunner.TestRunner" name="runScenario" time="6.106">
    <failure message="expected [true] but found [false]" type="java.lang.AssertionError">java.lang.AssertionError: expected [true] but found [false]
	at org.testng.Assert.fail(Assert.java:99)
	at org.testng.Assert.failNotEquals(Assert.java:1037)
	at org.testng.Assert.assertTrue(Assert.java:45)
	at org.testng.Assert.assertTrue(Assert.java:55)
	at stepdefinition.LoginStepDefinition.page_tiltle_should_be(LoginStepDefinition.java:81)
	at ✽.Page Tiltle should be &quot;Medicare - Home&quot;(file:///D:/All%20eclipsewprk%20space/Capstone_Project/CapstroneProject/src/test/java/feature/Login.feature:22)
</failure>
    <system-out>
Scenario Outline: Successful Login with InValid Credentials               # src/test/java/feature/Login.feature:30
  Given User is on Home Page                                              # stepdefinition.LoginStepDefinition.user_is_on_home_page()
  When User Navigate to LogIn Page &quot;http://localhost:8088/medicare/login&quot; # stepdefinition.LoginStepDefinition.user_navigate_to_log_in_page(java.lang.String)
  And User enters Email as &quot;vk@gmail.com&quot; and Password as &quot;admin3&quot;        # stepdefinition.LoginStepDefinition.user_enters_email_as_and_password_as(java.lang.String,java.lang.String)
  And Click on Login                                                      # stepdefinition.LoginStepDefinition.click_on_login()
  Then Page Tiltle should be &quot;Medicare - Home&quot;                            # stepdefinition.LoginStepDefinition.page_tiltle_should_be(java.lang.String)
      java.lang.AssertionError: expected [true] but found [false]
	at org.testng.Assert.fail(Assert.java:99)
	at org.testng.Assert.failNotEquals(Assert.java:1037)
	at org.testng.Assert.assertTrue(Assert.java:45)
	at org.testng.Assert.assertTrue(Assert.java:55)
	at stepdefinition.LoginStepDefinition.page_tiltle_should_be(LoginStepDefinition.java:81)
	at âœ½.Page Tiltle should be &quot;Medicare - Home&quot;(file:///D:/All%20eclipsewprk%20space/Capstone_Project/CapstroneProject/src/test/java/feature/Login.feature:22)

  When User Click on Logout link                                          # stepdefinition.LoginStepDefinition.user_click_on_logout_link()
  Then Page Tiltle should be &quot;Medicare - Login&quot;                           # stepdefinition.LoginStepDefinition.page_tiltle_should_be(java.lang.String)
  And Close the Browser                                                   # stepdefinition.LoginStepDefinition.close_the_browser()
</system-out>
    <system-err>Starting ChromeDriver 114.0.5735.90 (386bc09e8f4f2e025eddae123f36f6263096ae49-refs/branch-heads/5735@{#1052}) on port 45676
Only local connections are allowed.
Please see https://chromedriver.chromium.org/security-considerations for suggestions on keeping ChromeDriver safe.
ChromeDriver was started successfully.
Jun 13, 2023 9:43:38 PM org.openqa.selenium.remote.ProtocolHandshake createSession
INFO: Detected dialect: W3C
</system-err>
  </testcase>
  <testcase classname="testrunner.TestRunner" name="runScenario" time="7.175">
    <failure message="expected [true] but found [false]" type="java.lang.AssertionError">java.lang.AssertionError: expected [true] but found [false]
	at org.testng.Assert.fail(Assert.java:99)
	at org.testng.Assert.failNotEquals(Assert.java:1037)
	at org.testng.Assert.assertTrue(Assert.java:45)
	at org.testng.Assert.assertTrue(Assert.java:55)
	at stepdefinition.LoginStepDefinition.page_tiltle_should_be(LoginStepDefinition.java:81)
	at ✽.Page Tiltle should be &quot;Medicare - Home&quot;(file:///D:/All%20eclipsewprk%20space/Capstone_Project/CapstroneProject/src/test/java/feature/Login.feature:22)
</failure>
    <system-out>
Scenario Outline: Successful Login with InValid Credentials               # src/test/java/feature/Login.feature:31
  Given User is on Home Page                                              # stepdefinition.LoginStepDefinition.user_is_on_home_page()
  When User Navigate to LogIn Page &quot;http://localhost:8088/medicare/login&quot; # stepdefinition.LoginStepDefinition.user_navigate_to_log_in_page(java.lang.String)
  And User enters Email as &quot;vk@gmail23.com&quot; and Password as &quot;admin3&quot;      # stepdefinition.LoginStepDefinition.user_enters_email_as_and_password_as(java.lang.String,java.lang.String)
  And Click on Login                                                      # stepdefinition.LoginStepDefinition.click_on_login()
  Then Page Tiltle should be &quot;Medicare - Home&quot;                            # stepdefinition.LoginStepDefinition.page_tiltle_should_be(java.lang.String)
      java.lang.AssertionError: expected [true] but found [false]
	at org.testng.Assert.fail(Assert.java:99)
	at org.testng.Assert.failNotEquals(Assert.java:1037)
	at org.testng.Assert.assertTrue(Assert.java:45)
	at org.testng.Assert.assertTrue(Assert.java:55)
	at stepdefinition.LoginStepDefinition.page_tiltle_should_be(LoginStepDefinition.java:81)
	at âœ½.Page Tiltle should be &quot;Medicare - Home&quot;(file:///D:/All%20eclipsewprk%20space/Capstone_Project/CapstroneProject/src/test/java/feature/Login.feature:22)

  When User Click on Logout link                                          # stepdefinition.LoginStepDefinition.user_click_on_logout_link()
  Then Page Tiltle should be &quot;Medicare - Login&quot;                           # stepdefinition.LoginStepDefinition.page_tiltle_should_be(java.lang.String)
  And Close the Browser                                                   # stepdefinition.LoginStepDefinition.close_the_browser()
</system-out>
    <system-err>Starting ChromeDriver 114.0.5735.90 (386bc09e8f4f2e025eddae123f36f6263096ae49-refs/branch-heads/5735@{#1052}) on port 19817
Only local connections are allowed.
Please see https://chromedriver.chromium.org/security-considerations for suggestions on keeping ChromeDriver safe.
ChromeDriver was started successfully.
Jun 13, 2023 9:43:45 PM org.openqa.selenium.remote.ProtocolHandshake createSession
INFO: Detected dialect: W3C
</system-err>
  </testcase>
  <testcase classname="testrunner.TestRunner" name="runScenario" time="5.863"/>
  <testcase classname="testrunner.TestRunner" name="runScenario" time="8.628"/>
  <testcase classname="testrunner.TestRunner" name="runScenario" time="11.522"/>
  <testcase classname="testrunner.TestRunner" name="runScenario" time="36.83"/>
  <testcase classname="testrunner.TestRunner" name="runScenario" time="1.448"/>
  <testcase classname="testrunner.TestRunner" name="runScenario" time="13.911">
    <failure message="expected [true] but found [false]" type="java.lang.AssertionError">java.lang.AssertionError: expected [true] but found [false]
	at org.testng.Assert.fail(Assert.java:99)
	at org.testng.Assert.failNotEquals(Assert.java:1037)
	at org.testng.Assert.assertTrue(Assert.java:45)
	at org.testng.Assert.assertTrue(Assert.java:55)
	at stepdefinition.LoginStepDefinition.verify_the_product_is_added(LoginStepDefinition.java:192)
	at ✽.Verify the product is added(file:///D:/All%20eclipsewprk%20space/Capstone_Project/CapstroneProject/src/test/java/feature/manageproducts.feature:9)
</failure>
    <system-out>
Scenario Outline: Addmin is able to add products                          # src/test/java/feature/manageproducts.feature:15
  Given User is on Home Page                                              # stepdefinition.LoginStepDefinition.user_is_on_home_page()
  When User Navigate to LogIn Page &quot;http://localhost:8088/medicare/login&quot; # stepdefinition.LoginStepDefinition.user_navigate_to_log_in_page(java.lang.String)
  And User enters Email as &quot;vk@gmail.com&quot; and Password as &quot;admin&quot;         # stepdefinition.LoginStepDefinition.user_enters_email_as_and_password_as(java.lang.String,java.lang.String)
  And Click on Login                                                      # stepdefinition.LoginStepDefinition.click_on_login()
  And Click on manage products                                            # stepdefinition.LoginStepDefinition.click_on_manage_products()
  And Give2 releventdata                                                  # stepdefinition.LoginStepDefinition.give2_releventdata()
  Then Verify the product is added                                        # stepdefinition.LoginStepDefinition.verify_the_product_is_added()
      java.lang.AssertionError: expected [true] but found [false]
	at org.testng.Assert.fail(Assert.java:99)
	at org.testng.Assert.failNotEquals(Assert.java:1037)
	at org.testng.Assert.assertTrue(Assert.java:45)
	at org.testng.Assert.assertTrue(Assert.java:55)
	at stepdefinition.LoginStepDefinition.verify_the_product_is_added(LoginStepDefinition.java:192)
	at âœ½.Verify the product is added(file:///D:/All%20eclipsewprk%20space/Capstone_Project/CapstroneProject/src/test/java/feature/manageproducts.feature:9)

  And Close the Browser                                                   # stepdefinition.LoginStepDefinition.close_the_browser()
</system-out>
    <system-err>Starting ChromeDriver 114.0.5735.90 (386bc09e8f4f2e025eddae123f36f6263096ae49-refs/branch-heads/5735@{#1052}) on port 12225
Only local connections are allowed.
Please see https://chromedriver.chromium.org/security-considerations for suggestions on keeping ChromeDriver safe.
ChromeDriver was started successfully.
Jun 13, 2023 9:45:01 PM org.openqa.selenium.remote.ProtocolHandshake createSession
INFO: Detected dialect: W3C
</system-err>
  </testcase>
  <testcase classname="testrunner.TestRunner" name="runScenario" time="45.481"/>
  <testcase classname="testrunner.TestRunner" name="runScenario" time="61.217"/>
</testsuite>